{
  "0 debug pnpm:scope": {
    "selected": 1
  },
  "1 debug pnpm:package-manifest": {
    "initial": {
      "name": "carlflor",
      "version": "0.0.1",
      "private": true,
      "scripts": {
        "dev": "vite dev",
        "build": "vite build",
        "preview": "vite preview",
        "check": "svelte-kit sync && svelte-check --tsconfig ./tsconfig.json",
        "check:watch": "svelte-kit sync && svelte-check --tsconfig ./tsconfig.json --watch",
        "lint": "prettier --plugin-search-dir . --check . && eslint .",
        "format": "prettier --plugin-search-dir . --write ."
      },
      "devDependencies": {
        "@sveltejs/adapter-auto": "next",
        "@sveltejs/adapter-static": "1.0.0-next.49",
        "@sveltejs/kit": "next",
        "@typescript-eslint/eslint-plugin": "^5.45.0",
        "@typescript-eslint/parser": "^5.45.0",
        "eslint": "^8.28.0",
        "eslint-config-prettier": "^8.5.0",
        "eslint-plugin-svelte3": "^4.0.0",
        "prettier": "^2.8.0",
        "prettier-plugin-svelte": "^2.8.1",
        "rehype-stringify": "^9.0.3",
        "remark-extract-frontmatter": "^3.2.0",
        "remark-frontmatter": "^4.0.1",
        "remark-parse": "^10.0.1",
        "remark-rehype": "^10.1.0",
        "remark-stringify": "^10.0.2",
        "svelte": "^3.54.0",
        "svelte-check": "^2.9.2",
        "tslib": "^2.4.1",
        "typescript": "^4.9.3",
        "unified": "^10.1.2",
        "vite": "^4.0.0",
        "yaml": "^2.1.3"
      },
      "type": "module",
      "dependencies": {
        "@fontsource/roboto-mono": "^4.5.8"
      }
    },
    "prefix": "/Users/carl.flor/projects/carlflor"
  },
  "2 debug pnpm:context": {
    "currentLockfileExists": false,
    "storeDir": "/Users/carl.flor/Library/pnpm/store/v3",
    "virtualStoreDir": "/Users/carl.flor/projects/carlflor/node_modules/.pnpm"
  },
  "3 debug pnpm:stage": {
    "prefix": "/Users/carl.flor/projects/carlflor",
    "stage": "resolution_started"
  },
  "4 debug pnpm:_dependency_resolved": {
    "resolution": "registry.npmjs.org/@sveltejs/adapter-static/1.0.0-next.49",
    "wanted": {
      "dependentId": ".",
      "name": "@sveltejs/adapter-static",
      "rawSpec": "1.0.0-next.49"
    }
  },
  "5 debug pnpm:progress": {
    "packageId": "registry.npmjs.org/@sveltejs/adapter-static/1.0.0-next.49",
    "requester": "/Users/carl.flor/projects/carlflor",
    "status": "resolved"
  },
  "6 debug pnpm:progress": {
    "packageId": "registry.npmjs.org/@sveltejs/adapter-static/1.0.0-next.49",
    "requester": "/Users/carl.flor/projects/carlflor",
    "status": "found_in_store"
  },
  "7 debug pnpm:_dependency_resolved": {
    "resolution": "registry.npmjs.org/remark-stringify/10.0.2",
    "wanted": {
      "dependentId": ".",
      "name": "remark-stringify",
      "rawSpec": "^10.0.2"
    }
  },
  "8 debug pnpm:progress": {
    "packageId": "registry.npmjs.org/remark-stringify/10.0.2",
    "requester": "/Users/carl.flor/projects/carlflor",
    "status": "resolved"
  },
  "9 debug pnpm:_dependency_resolved": {
    "resolution": "registry.npmjs.org/prettier-plugin-svelte/2.9.0",
    "wanted": {
      "dependentId": ".",
      "name": "prettier-plugin-svelte",
      "rawSpec": "^2.8.1"
    }
  },
  "10 debug pnpm:progress": {
    "packageId": "registry.npmjs.org/prettier-plugin-svelte/2.9.0",
    "requester": "/Users/carl.flor/projects/carlflor",
    "status": "resolved"
  },
  "11 debug pnpm:progress": {
    "packageId": "registry.npmjs.org/remark-stringify/10.0.2",
    "requester": "/Users/carl.flor/projects/carlflor",
    "status": "found_in_store"
  },
  "12 debug pnpm:progress": {
    "packageId": "registry.npmjs.org/prettier-plugin-svelte/2.9.0",
    "requester": "/Users/carl.flor/projects/carlflor",
    "status": "found_in_store"
  },
  "13 debug pnpm:_dependency_resolved": {
    "resolution": "registry.npmjs.org/eslint-plugin-svelte3/4.0.0",
    "wanted": {
      "dependentId": ".",
      "name": "eslint-plugin-svelte3",
      "rawSpec": "^4.0.0"
    }
  },
  "14 debug pnpm:progress": {
    "packageId": "registry.npmjs.org/eslint-plugin-svelte3/4.0.0",
    "requester": "/Users/carl.flor/projects/carlflor",
    "status": "resolved"
  },
  "15 debug pnpm:progress": {
    "packageId": "registry.npmjs.org/eslint-plugin-svelte3/4.0.0",
    "requester": "/Users/carl.flor/projects/carlflor",
    "status": "found_in_store"
  },
  "16 debug pnpm:_dependency_resolved": {
    "resolution": "registry.npmjs.org/tslib/2.4.1",
    "wanted": {
      "dependentId": ".",
      "name": "tslib",
      "rawSpec": "^2.4.1"
    }
  },
  "17 debug pnpm:progress": {
    "packageId": "registry.npmjs.org/tslib/2.4.1",
    "requester": "/Users/carl.flor/projects/carlflor",
    "status": "resolved"
  },
  "18 debug pnpm:progress": {
    "packageId": "registry.npmjs.org/tslib/2.4.1",
    "requester": "/Users/carl.flor/projects/carlflor",
    "status": "found_in_store"
  },
  "19 debug pnpm:_dependency_resolved": {
    "resolution": "registry.npmjs.org/prettier/2.8.1",
    "wanted": {
      "dependentId": ".",
      "name": "prettier",
      "rawSpec": "^2.8.0"
    }
  },
  "20 debug pnpm:progress": {
    "packageId": "registry.npmjs.org/prettier/2.8.1",
    "requester": "/Users/carl.flor/projects/carlflor",
    "status": "resolved"
  },
  "21 debug pnpm:progress": {
    "packageId": "registry.npmjs.org/prettier/2.8.1",
    "requester": "/Users/carl.flor/projects/carlflor",
    "status": "found_in_store"
  },
  "22 debug pnpm:_dependency_resolved": {
    "resolution": "registry.npmjs.org/svelte-check/2.10.2",
    "wanted": {
      "dependentId": ".",
      "name": "svelte-check",
      "rawSpec": "^2.9.2"
    }
  },
  "23 debug pnpm:progress": {
    "packageId": "registry.npmjs.org/svelte-check/2.10.2",
    "requester": "/Users/carl.flor/projects/carlflor",
    "status": "resolved"
  },
  "24 debug pnpm:progress": {
    "packageId": "registry.npmjs.org/svelte-check/2.10.2",
    "requester": "/Users/carl.flor/projects/carlflor",
    "status": "found_in_store"
  },
  "25 debug pnpm:_dependency_resolved": {
    "resolution": "registry.npmjs.org/@typescript-eslint/eslint-plugin/5.46.0",
    "wanted": {
      "dependentId": ".",
      "name": "@typescript-eslint/eslint-plugin",
      "rawSpec": "^5.45.0"
    }
  },
  "26 debug pnpm:progress": {
    "packageId": "registry.npmjs.org/@typescript-eslint/eslint-plugin/5.46.0",
    "requester": "/Users/carl.flor/projects/carlflor",
    "status": "resolved"
  },
  "27 debug pnpm:progress": {
    "packageId": "registry.npmjs.org/@typescript-eslint/eslint-plugin/5.46.0",
    "requester": "/Users/carl.flor/projects/carlflor",
    "status": "found_in_store"
  },
  "28 debug pnpm:_dependency_resolved": {
    "resolution": "registry.npmjs.org/remark-frontmatter/4.0.1",
    "wanted": {
      "dependentId": ".",
      "name": "remark-frontmatter",
      "rawSpec": "^4.0.1"
    }
  },
  "29 debug pnpm:progress": {
    "packageId": "registry.npmjs.org/remark-frontmatter/4.0.1",
    "requester": "/Users/carl.flor/projects/carlflor",
    "status": "resolved"
  },
  "30 debug pnpm:progress": {
    "packageId": "registry.npmjs.org/remark-frontmatter/4.0.1",
    "requester": "/Users/carl.flor/projects/carlflor",
    "status": "found_in_store"
  },
  "31 debug pnpm:_dependency_resolved": {
    "resolution": "registry.npmjs.org/eslint-config-prettier/8.5.0",
    "wanted": {
      "dependentId": ".",
      "name": "eslint-config-prettier",
      "rawSpec": "^8.5.0"
    }
  },
  "32 debug pnpm:progress": {
    "packageId": "registry.npmjs.org/eslint-config-prettier/8.5.0",
    "requester": "/Users/carl.flor/projects/carlflor",
    "status": "resolved"
  },
  "33 debug pnpm:progress": {
    "packageId": "registry.npmjs.org/eslint-config-prettier/8.5.0",
    "requester": "/Users/carl.flor/projects/carlflor",
    "status": "found_in_store"
  },
  "34 debug pnpm:_dependency_resolved": {
    "resolution": "registry.npmjs.org/remark-extract-frontmatter/3.2.0",
    "wanted": {
      "dependentId": ".",
      "name": "remark-extract-frontmatter",
      "rawSpec": "^3.2.0"
    }
  },
  "35 debug pnpm:progress": {
    "packageId": "registry.npmjs.org/remark-extract-frontmatter/3.2.0",
    "requester": "/Users/carl.flor/projects/carlflor",
    "status": "resolved"
  },
  "36 debug pnpm:progress": {
    "packageId": "registry.npmjs.org/remark-extract-frontmatter/3.2.0",
    "requester": "/Users/carl.flor/projects/carlflor",
    "status": "found_in_store"
  },
  "37 debug pnpm:_dependency_resolved": {
    "resolution": "registry.npmjs.org/remark-rehype/10.1.0",
    "wanted": {
      "dependentId": ".",
      "name": "remark-rehype",
      "rawSpec": "^10.1.0"
    }
  },
  "38 debug pnpm:progress": {
    "packageId": "registry.npmjs.org/remark-rehype/10.1.0",
    "requester": "/Users/carl.flor/projects/carlflor",
    "status": "resolved"
  },
  "39 debug pnpm:_dependency_resolved": {
    "resolution": "registry.npmjs.org/rehype-stringify/9.0.3",
    "wanted": {
      "dependentId": ".",
      "name": "rehype-stringify",
      "rawSpec": "^9.0.3"
    }
  },
  "40 debug pnpm:progress": {
    "packageId": "registry.npmjs.org/rehype-stringify/9.0.3",
    "requester": "/Users/carl.flor/projects/carlflor",
    "status": "resolved"
  },
  "41 debug pnpm:_dependency_resolved": {
    "resolution": "registry.npmjs.org/eslint/8.29.0",
    "wanted": {
      "dependentId": ".",
      "name": "eslint",
      "rawSpec": "^8.28.0"
    }
  },
  "42 debug pnpm:progress": {
    "packageId": "registry.npmjs.org/eslint/8.29.0",
    "requester": "/Users/carl.flor/projects/carlflor",
    "status": "resolved"
  },
  "43 debug pnpm:progress": {
    "packageId": "registry.npmjs.org/rehype-stringify/9.0.3",
    "requester": "/Users/carl.flor/projects/carlflor",
    "status": "found_in_store"
  },
  "44 debug pnpm:progress": {
    "packageId": "registry.npmjs.org/remark-rehype/10.1.0",
    "requester": "/Users/carl.flor/projects/carlflor",
    "status": "found_in_store"
  },
  "45 debug pnpm:_dependency_resolved": {
    "resolution": "registry.npmjs.org/@typescript-eslint/parser/5.46.0",
    "wanted": {
      "dependentId": ".",
      "name": "@typescript-eslint/parser",
      "rawSpec": "^5.45.0"
    }
  },
  "46 debug pnpm:progress": {
    "packageId": "registry.npmjs.org/@typescript-eslint/parser/5.46.0",
    "requester": "/Users/carl.flor/projects/carlflor",
    "status": "resolved"
  },
  "47 debug pnpm:_dependency_resolved": {
    "resolution": "registry.npmjs.org/remark-parse/10.0.1",
    "wanted": {
      "dependentId": ".",
      "name": "remark-parse",
      "rawSpec": "^10.0.1"
    }
  },
  "48 debug pnpm:progress": {
    "packageId": "registry.npmjs.org/remark-parse/10.0.1",
    "requester": "/Users/carl.flor/projects/carlflor",
    "status": "resolved"
  },
  "49 debug pnpm:progress": {
    "packageId": "registry.npmjs.org/remark-parse/10.0.1",
    "requester": "/Users/carl.flor/projects/carlflor",
    "status": "found_in_store"
  },
  "50 debug pnpm:progress": {
    "packageId": "registry.npmjs.org/@typescript-eslint/parser/5.46.0",
    "requester": "/Users/carl.flor/projects/carlflor",
    "status": "found_in_store"
  },
  "51 debug pnpm:progress": {
    "packageId": "registry.npmjs.org/eslint/8.29.0",
    "requester": "/Users/carl.flor/projects/carlflor",
    "status": "found_in_store"
  },
  "52 debug pnpm:_dependency_resolved": {
    "resolution": "registry.npmjs.org/svelte/3.54.0",
    "wanted": {
      "dependentId": ".",
      "name": "svelte",
      "rawSpec": "^3.54.0"
    }
  },
  "53 debug pnpm:progress": {
    "packageId": "registry.npmjs.org/svelte/3.54.0",
    "requester": "/Users/carl.flor/projects/carlflor",
    "status": "resolved"
  },
  "54 debug pnpm:progress": {
    "packageId": "registry.npmjs.org/svelte/3.54.0",
    "requester": "/Users/carl.flor/projects/carlflor",
    "status": "found_in_store"
  },
  "55 debug pnpm:_dependency_resolved": {
    "resolution": "registry.npmjs.org/unified/10.1.2",
    "wanted": {
      "dependentId": ".",
      "name": "unified",
      "rawSpec": "^10.1.2"
    }
  },
  "56 debug pnpm:progress": {
    "packageId": "registry.npmjs.org/unified/10.1.2",
    "requester": "/Users/carl.flor/projects/carlflor",
    "status": "resolved"
  },
  "57 debug pnpm:progress": {
    "packageId": "registry.npmjs.org/unified/10.1.2",
    "requester": "/Users/carl.flor/projects/carlflor",
    "status": "found_in_store"
  },
  "58 debug pnpm:_dependency_resolved": {
    "resolution": "registry.npmjs.org/vite/4.0.0",
    "wanted": {
      "dependentId": ".",
      "name": "vite",
      "rawSpec": "^4.0.0"
    }
  },
  "59 debug pnpm:progress": {
    "packageId": "registry.npmjs.org/vite/4.0.0",
    "requester": "/Users/carl.flor/projects/carlflor",
    "status": "resolved"
  },
  "60 debug pnpm:progress": {
    "packageId": "registry.npmjs.org/vite/4.0.0",
    "requester": "/Users/carl.flor/projects/carlflor",
    "status": "found_in_store"
  },
  "61 debug pnpm:_dependency_resolved": {
    "resolution": "registry.npmjs.org/yaml/2.1.3",
    "wanted": {
      "dependentId": ".",
      "name": "yaml",
      "rawSpec": "^2.1.3"
    }
  },
  "62 debug pnpm:progress": {
    "packageId": "registry.npmjs.org/yaml/2.1.3",
    "requester": "/Users/carl.flor/projects/carlflor",
    "status": "resolved"
  },
  "63 debug pnpm:progress": {
    "packageId": "registry.npmjs.org/yaml/2.1.3",
    "requester": "/Users/carl.flor/projects/carlflor",
    "status": "found_in_store"
  },
  "64 warn pnpm:install-check": {
    "message": "Unsupported engine for registry.npmjs.org/@sveltejs/kit/1.0.0-next.582: wanted: {\"node\":\">=16.14\"} (current: {\"node\":\"v16.9.1\",\"pnpm\":\"7.3.0\"})",
    "prefix": "/Users/carl.flor/projects/carlflor"
  },
  "65 error pnpm": {
    "code": "ERR_PNPM_UNSUPPORTED_ENGINE",
    "packageId": "registry.npmjs.org/@sveltejs/kit/1.0.0-next.582",
    "wanted": {
      "node": ">=16.14"
    },
    "current": {
      "node": "v16.9.1",
      "pnpm": "7.3.0"
    },
    "pkgsStack": [],
    "err": {
      "name": "pnpm",
      "message": "Unsupported engine for registry.npmjs.org/@sveltejs/kit/1.0.0-next.582: wanted: {\"node\":\">=16.14\"} (current: {\"node\":\"v16.9.1\",\"pnpm\":\"7.3.0\"})",
      "code": "ERR_PNPM_UNSUPPORTED_ENGINE",
      "stack": "pnpm: Unsupported engine for registry.npmjs.org/@sveltejs/kit/1.0.0-next.582: wanted: {\"node\":\">=16.14\"} (current: {\"node\":\"v16.9.1\",\"pnpm\":\"7.3.0\"})\n    at checkEngine (/Users/carl.flor/.nvm/versions/node/v16.9.1/lib/node_modules/pnpm/dist/pnpm.cjs:43096:16)\n    at checkPackage (/Users/carl.flor/.nvm/versions/node/v16.9.1/lib/node_modules/pnpm/dist/pnpm.cjs:43679:74)\n    at packageIsInstallable (/Users/carl.flor/.nvm/versions/node/v16.9.1/lib/node_modules/pnpm/dist/pnpm.cjs:43649:20)\n    at resolveAndFetch (/Users/carl.flor/.nvm/versions/node/v16.9.1/lib/node_modules/pnpm/dist/pnpm.cjs:93067:117)\n    at runMicrotasks (<anonymous>)\n    at processTicksAndRejections (node:internal/process/task_queues:96:5)\n    at async resolveDependency (/Users/carl.flor/.nvm/versions/node/v16.9.1/lib/node_modules/pnpm/dist/pnpm.cjs:117936:23)\n    at async resolveDependenciesOfDependency (/Users/carl.flor/.nvm/versions/node/v16.9.1/lib/node_modules/pnpm/dist/pnpm.cjs:117775:39)\n    at async Promise.all (index 2)\n    at async resolveDependencies (/Users/carl.flor/.nvm/versions/node/v16.9.1/lib/node_modules/pnpm/dist/pnpm.cjs:117704:29)"
    }
  }
}